2025-01-30 00:23:29 [http-nio-8080-exec-9] INFO  APP_LOGGER - Se listaron las facultades
2025-01-30 00:23:29 [http-nio-8080-exec-10] INFO  APP_LOGGER - Se listaron las facultades
2025-01-30 00:23:30 [http-nio-8080-exec-10] INFO  APP_LOGGER - Se listaron las facultades
2025-01-30 00:23:30 [http-nio-8080-exec-6] INFO  APP_LOGGER - Se listaron las facultades
2025-01-30 00:27:37 [http-nio-8080-exec-1] INFO  APP_LOGGER - Se actualizó el evento con ID: 1, Nombre: 'Conferencia de IA Avanzadadisima'.
2025-01-30 02:19:05 [http-nio-8080-exec-7] INFO  APP_LOGGER - Se listaron las facultades
2025-01-30 02:19:06 [http-nio-8080-exec-1] INFO  APP_LOGGER - Se listaron las facultades
2025-01-30 02:19:39 [http-nio-8080-exec-5] INFO  APP_LOGGER - Se actualizó el evento con ID: 1, Nombre: 'Conferencia de IA2 Avanzadadisima'.
2025-01-30 02:20:25 [http-nio-8080-exec-3] INFO  APP_LOGGER - Archivo subido exitosamente: DSC_8223.webp
2025-01-30 02:20:34 [http-nio-8080-exec-4] INFO  APP_LOGGER - Se creó el evento con ID: 43, Nombre: 'Roberto'.
2025-01-30 02:21:00 [http-nio-8080-exec-6] INFO  APP_LOGGER - Se actualizó el evento con ID: 43, Nombre: 'Cuatro'.
2025-01-30 03:41:51 [http-nio-8080-exec-2] INFO  APP_LOGGER - Se listaron las facultades
2025-01-30 03:41:51 [http-nio-8080-exec-7] INFO  APP_LOGGER - Se listaron las facultades
2025-01-30 04:24:07 [http-nio-8080-exec-7] INFO  APP_LOGGER - Se listaron las facultades
2025-01-30 04:24:07 [http-nio-8080-exec-10] INFO  APP_LOGGER - Se listaron las facultades
2025-01-30 12:57:23 [http-nio-8080-exec-1] INFO  APP_LOGGER - Se encontró la carrera con ID: 1
2025-01-30 12:57:23 [http-nio-8080-exec-2] INFO  APP_LOGGER - Se encontró la carrera con ID: 1
2025-01-30 12:58:02 [http-nio-8080-exec-8] INFO  APP_LOGGER - Se listaron las facultades
2025-01-30 12:58:02 [http-nio-8080-exec-8] INFO  APP_LOGGER - Se listaron las facultades
2025-01-30 20:19:46 [http-nio-8080-exec-6] INFO  APP_LOGGER - Se listaron las facultades
2025-01-30 20:19:46 [http-nio-8080-exec-4] INFO  APP_LOGGER - Se listaron las facultades
2025-01-30 20:25:44 [http-nio-8080-exec-9] INFO  APP_LOGGER - Se listaron las facultades
2025-01-30 20:25:44 [http-nio-8080-exec-7] INFO  APP_LOGGER - Se listaron las facultades
2025-01-30 21:53:19 [http-nio-8080-exec-7] INFO  APP_LOGGER - Se listaron las facultades
2025-01-30 21:53:19 [http-nio-8080-exec-3] INFO  APP_LOGGER - Se listaron las facultades
2025-01-30 22:30:40 [http-nio-8080-exec-4] INFO  APP_LOGGER - Se listaron las facultades
2025-01-30 22:30:40 [http-nio-8080-exec-1] INFO  APP_LOGGER - Se listaron las facultades
2025-01-30 22:30:41 [http-nio-8080-exec-6] INFO  APP_LOGGER - Se listaron las facultades
2025-01-30 22:30:41 [http-nio-8080-exec-1] INFO  APP_LOGGER - Se listaron las facultades
2025-01-30 22:30:45 [http-nio-8080-exec-3] INFO  APP_LOGGER - Se listaron las facultades
2025-01-30 22:30:45 [http-nio-8080-exec-7] INFO  APP_LOGGER - Se listaron las facultades
2025-01-30 22:32:15 [http-nio-8080-exec-1] INFO  APP_LOGGER - Se listaron las facultades
2025-01-30 22:32:15 [http-nio-8080-exec-2] INFO  APP_LOGGER - Se listaron las facultades
2025-01-30 22:32:31 [http-nio-8080-exec-10] INFO  APP_LOGGER - Se listaron las facultades
2025-01-30 22:32:31 [http-nio-8080-exec-4] INFO  APP_LOGGER - Se listaron las facultades
2025-01-30 22:32:36 [http-nio-8080-exec-10] INFO  APP_LOGGER - Se listaron las facultades
2025-01-30 22:32:36 [http-nio-8080-exec-6] INFO  APP_LOGGER - Se listaron las facultades
2025-01-30 22:33:01 [http-nio-8080-exec-3] INFO  APP_LOGGER - Se listaron las facultades
2025-01-30 22:33:01 [http-nio-8080-exec-1] INFO  APP_LOGGER - Se listaron las facultades
2025-01-30 22:35:00 [http-nio-8080-exec-1] INFO  APP_LOGGER - Se listaron las facultades
2025-01-30 22:35:00 [http-nio-8080-exec-4] INFO  APP_LOGGER - Se listaron las facultades
2025-01-30 22:53:00 [http-nio-8080-exec-2] INFO  APP_LOGGER - Se listaron las facultades
2025-01-30 22:53:00 [http-nio-8080-exec-6] INFO  APP_LOGGER - Se listaron las facultades
2025-01-30 22:54:42 [http-nio-8080-exec-3] INFO  APP_LOGGER - Se creó el evento con ID: 44, Nombre: 'Prueba de correo'.
