2025-01-29 00:06:16 [http-nio-8080-exec-8] INFO  APP_LOGGER - Se listaron las facultades
2025-01-29 00:06:16 [http-nio-8080-exec-3] INFO  APP_LOGGER - Se listaron las facultades
2025-01-29 00:27:53 [http-nio-8080-exec-4] INFO  APP_LOGGER - Se listaron las facultades
2025-01-29 00:27:53 [http-nio-8080-exec-1] INFO  APP_LOGGER - Se listaron las facultades
2025-01-29 00:33:02 [http-nio-8080-exec-3] INFO  APP_LOGGER - Archivo subido exitosamente: DSC_0616.webp
2025-01-29 00:33:09 [http-nio-8080-exec-8] INFO  APP_LOGGER - Se creó el evento con ID: 17, Nombre: 'asdfsafsd'.
2025-01-29 00:33:43 [http-nio-8080-exec-1] INFO  APP_LOGGER - Archivo subido exitosamente: 1.25-web.webp
2025-01-29 00:33:50 [http-nio-8080-exec-6] INFO  APP_LOGGER - Se creó el evento con ID: 18, Nombre: 'dfsdfasdfas'.
2025-01-29 00:44:59 [http-nio-8080-exec-2] INFO  APP_LOGGER - Se listaron las facultades
2025-01-29 00:45:00 [http-nio-8080-exec-3] INFO  APP_LOGGER - Se listaron las facultades
2025-01-29 00:45:58 [http-nio-8080-exec-3] INFO  APP_LOGGER - Archivo subido exitosamente: UCB-Preuniversitario-Generico_Post_web.webp
2025-01-29 00:46:04 [http-nio-8080-exec-10] INFO  APP_LOGGER - Se creó el evento con ID: 19, Nombre: 'naaanananana'.
2025-01-29 00:49:36 [http-nio-8080-exec-1] INFO  APP_LOGGER - Se creó el evento con ID: 20, Nombre: 'afdsafa'.
2025-01-29 00:54:40 [http-nio-8080-exec-8] INFO  APP_LOGGER - Archivo subido exitosamente: DSC_0616.webp
2025-01-29 00:54:46 [http-nio-8080-exec-4] INFO  APP_LOGGER - Se creó el evento con ID: 21, Nombre: 'HOYY'.
2025-01-29 00:56:07 [http-nio-8080-exec-9] INFO  APP_LOGGER - Archivo subido exitosamente: DSC_0616.webp
2025-01-29 00:56:13 [http-nio-8080-exec-6] INFO  APP_LOGGER - Se creó el evento con ID: 22, Nombre: 'HOYY'.
2025-01-29 01:03:50 [http-nio-8080-exec-9] INFO  APP_LOGGER - Archivo subido exitosamente: DSC_0616.webp
2025-01-29 01:03:57 [http-nio-8080-exec-6] INFO  APP_LOGGER - Se creó el evento con ID: 23, Nombre: 'asd'.
2025-01-29 01:04:36 [http-nio-8080-exec-1] INFO  APP_LOGGER - Se creó el evento con ID: 24, Nombre: 'adfas'.
2025-01-29 01:09:10 [http-nio-8080-exec-2] INFO  APP_LOGGER - Archivo subido exitosamente: DSC_0616.webp
2025-01-29 01:09:16 [http-nio-8080-exec-3] INFO  APP_LOGGER - Se creó el evento con ID: 25, Nombre: 'Cliente2'.
2025-01-29 01:12:55 [http-nio-8080-exec-6] INFO  APP_LOGGER - Se listaron las facultades
2025-01-29 01:12:55 [http-nio-8080-exec-10] INFO  APP_LOGGER - Se listaron las facultades
2025-01-29 01:13:16 [http-nio-8080-exec-9] INFO  APP_LOGGER - Se creó el evento con ID: 15, Nombre: 'Conferencia de IA Avanzadaaa'.
2025-01-29 01:13:25 [http-nio-8080-exec-3] INFO  APP_LOGGER - Se actualizó el evento con ID: 15, Nombre: 'Conferencia de IA Avanzadaaa'.
2025-01-29 01:13:45 [http-nio-8080-exec-8] INFO  APP_LOGGER - Se creó el evento con ID: 26, Nombre: 'Conferencia de IA Avanzadaaa'.
2025-01-29 01:32:56 [http-nio-8080-exec-3] INFO  APP_LOGGER - Se listaron las facultades
2025-01-29 01:32:56 [http-nio-8080-exec-6] INFO  APP_LOGGER - Se listaron las facultades
2025-01-29 01:32:58 [http-nio-8080-exec-9] INFO  APP_LOGGER - Se listaron las facultades
2025-01-29 01:32:58 [http-nio-8080-exec-8] INFO  APP_LOGGER - Se listaron las facultades
2025-01-29 01:35:45 [http-nio-8080-exec-1] INFO  APP_LOGGER - Se actualizó el evento con ID: 15, Nombre: 'Conferencia de IA Avanzadadisima'.
2025-01-29 01:37:11 [http-nio-8080-exec-5] INFO  APP_LOGGER - Se actualizó el evento con ID: 15, Nombre: 'Conferencia de IA Avanzadadisima'.
2025-01-29 01:38:24 [http-nio-8080-exec-4] INFO  APP_LOGGER - Se actualizó el evento con ID: 15, Nombre: 'Conferencia de IA Avanzadadisima'.
2025-01-29 01:42:40 [http-nio-8080-exec-1] INFO  APP_LOGGER - Se listaron las facultades
2025-01-29 01:42:40 [http-nio-8080-exec-8] INFO  APP_LOGGER - Se listaron las facultades
2025-01-29 01:42:44 [http-nio-8080-exec-3] INFO  APP_LOGGER - Se listaron las facultades
2025-01-29 01:42:44 [http-nio-8080-exec-6] INFO  APP_LOGGER - Se listaron las facultades
2025-01-29 01:43:23 [http-nio-8080-exec-1] INFO  APP_LOGGER - Se listaron las facultades
2025-01-29 01:43:23 [http-nio-8080-exec-5] INFO  APP_LOGGER - Se listaron las facultades
2025-01-29 01:43:28 [http-nio-8080-exec-8] INFO  APP_LOGGER - Se listaron las facultades
2025-01-29 01:43:28 [http-nio-8080-exec-6] INFO  APP_LOGGER - Se listaron las facultades
2025-01-29 01:44:06 [http-nio-8080-exec-2] INFO  APP_LOGGER - Se creó el evento con ID: 27, Nombre: 'dafsf'.
2025-01-29 01:44:57 [http-nio-8080-exec-2] INFO  APP_LOGGER - Se actualizó el evento con ID: 15, Nombre: 'Conferencia de IA Avanzadadisima'.
2025-01-29 01:45:46 [http-nio-8080-exec-1] INFO  APP_LOGGER - Se listaron las facultades
2025-01-29 01:45:46 [http-nio-8080-exec-7] INFO  APP_LOGGER - Se listaron las facultades
2025-01-29 01:45:55 [http-nio-8080-exec-1] INFO  APP_LOGGER - Se listaron las facultades
2025-01-29 01:45:55 [http-nio-8080-exec-6] INFO  APP_LOGGER - Se listaron las facultades
2025-01-29 01:45:57 [http-nio-8080-exec-5] INFO  APP_LOGGER - Se listaron las facultades
2025-01-29 01:45:57 [http-nio-8080-exec-7] INFO  APP_LOGGER - Se listaron las facultades
2025-01-29 01:48:09 [http-nio-8080-exec-1] INFO  APP_LOGGER - Se creó el evento con ID: 28, Nombre: 'asdf'.
2025-01-29 01:48:38 [http-nio-8080-exec-6] INFO  APP_LOGGER - Archivo subido exitosamente: 1.25-web.webp
2025-01-29 01:48:46 [http-nio-8080-exec-9] INFO  APP_LOGGER - Se creó el evento con ID: 29, Nombre: 'MMMMMMM'.
2025-01-29 01:49:36 [http-nio-8080-exec-4] INFO  APP_LOGGER - Se creó el evento con ID: 30, Nombre: 'AFSDSF'.
2025-01-29 01:55:41 [http-nio-8080-exec-5] INFO  APP_LOGGER - Se listaron las facultades
2025-01-29 01:55:41 [http-nio-8080-exec-7] INFO  APP_LOGGER - Se listaron las facultades
2025-01-29 01:59:57 [http-nio-8080-exec-1] INFO  APP_LOGGER - Se creó el evento con ID: 31, Nombre: 's'.
2025-01-29 02:03:17 [http-nio-8080-exec-7] INFO  APP_LOGGER - Se actualizó el evento con ID: 15, Nombre: 'Conferencia de IA Avanzadadisima'.
2025-01-29 02:06:08 [http-nio-8080-exec-9] INFO  APP_LOGGER - Se creó el evento con ID: 32, Nombre: 's'.
2025-01-29 02:08:36 [http-nio-8080-exec-8] INFO  APP_LOGGER - Se listaron las facultades
2025-01-29 02:08:36 [http-nio-8080-exec-2] INFO  APP_LOGGER - Se listaron las facultades
2025-01-29 02:09:58 [http-nio-8080-exec-8] INFO  APP_LOGGER - Archivo subido exitosamente: DSC_0616.webp
2025-01-29 02:10:05 [http-nio-8080-exec-6] INFO  APP_LOGGER - Se creó el evento con ID: 33, Nombre: 'se'.
2025-01-29 02:19:28 [http-nio-8080-exec-7] INFO  APP_LOGGER - Lista de Centros de investigación
2025-01-29 02:19:28 [http-nio-8080-exec-6] INFO  APP_LOGGER - Lista de Centros de investigación
2025-01-29 02:25:41 [http-nio-8080-exec-5] INFO  APP_LOGGER - Lista de Centros de investigación
2025-01-29 02:25:41 [http-nio-8080-exec-8] INFO  APP_LOGGER - Lista de Centros de investigación
2025-01-29 02:27:56 [http-nio-8080-exec-9] INFO  APP_LOGGER - Se creó el instituto de investigación con ID: 7, Nombre: 'Instituto de Investigaciones en Ciencias del Comportamiento (IICC-UCB)'.
2025-01-29 02:31:54 [http-nio-8080-exec-6] INFO  APP_LOGGER - Se creó el instituto de investigación con ID: 8, Nombre: 'Instituto de Investigaciones en Ciencias del Comportamiento (IICC-UCB)'.
2025-01-29 02:32:40 [http-nio-8080-exec-7] INFO  APP_LOGGER - Archivo subido exitosamente: 1.25-web.webp
2025-01-29 02:32:41 [http-nio-8080-exec-4] INFO  APP_LOGGER - Se creó el instituto de investigación con ID: 9, Nombre: 'hoal'.
2025-01-29 02:33:08 [http-nio-8080-exec-7] INFO  APP_LOGGER - Se creó el instituto de investigación con ID: 10, Nombre: 'Instituto de Investigaciones en Ciencias del Comportamiento (IICC-UCB)'.
2025-01-29 02:33:21 [http-nio-8080-exec-8] INFO  APP_LOGGER - Archivo subido exitosamente: UCB-Medicina-Post-Fb-Ig-1200x1200_Primer-Preuniversitario-A-copia.webp
2025-01-29 02:43:27 [http-nio-8080-exec-7] INFO  APP_LOGGER - Archivo subido exitosamente: 1.25-web.webp
2025-01-29 02:43:27 [http-nio-8080-exec-4] INFO  APP_LOGGER - Se creó el instituto de investigación con ID: 11, Nombre: 'wre'.
2025-01-29 02:46:42 [http-nio-8080-exec-5] INFO  APP_LOGGER - Archivo subido exitosamente: 1.25-web.webp
2025-01-29 02:46:42 [http-nio-8080-exec-1] INFO  APP_LOGGER - Se creó el instituto de investigación con ID: 12, Nombre: 'wre'.
2025-01-29 02:48:29 [http-nio-8080-exec-9] INFO  APP_LOGGER - Archivo subido exitosamente: 1.25-web.webp
2025-01-29 02:48:30 [http-nio-8080-exec-7] INFO  APP_LOGGER - Se creó el instituto de investigación con ID: 13, Nombre: 'waaaa'.
2025-01-29 02:55:17 [http-nio-8080-exec-3] INFO  APP_LOGGER - Se creó el instituto de investigación con ID: 14, Nombre: 'sad'.
2025-01-29 03:05:05 [http-nio-8080-exec-8] INFO  APP_LOGGER - Archivo subido exitosamente: UCB-Medicina-Post-Fb-Ig-1200x1200_Primer-Preuniversitario-A-copia.webp
2025-01-29 03:05:06 [http-nio-8080-exec-6] INFO  APP_LOGGER - Se creó el instituto de investigación con ID: 15, Nombre: 'wre'.
2025-01-29 03:14:43 [http-nio-8080-exec-10] INFO  APP_LOGGER - Archivo subido exitosamente: UCB-Prueba-Aptitud-Academica_web.webp
2025-01-29 03:14:43 [http-nio-8080-exec-5] INFO  APP_LOGGER - Se creó el instituto de investigación con ID: 16, Nombre: 'wre'.
2025-01-29 03:15:02 [http-nio-8080-exec-2] INFO  APP_LOGGER - Archivo subido exitosamente: UCB-Prueba-Aptitud-Academica_web.webp
2025-01-29 03:15:02 [http-nio-8080-exec-9] INFO  APP_LOGGER - Se creó el instituto de investigación con ID: 17, Nombre: 'wre'.
2025-01-29 03:15:48 [http-nio-8080-exec-5] INFO  APP_LOGGER - Archivo subido exitosamente: DSC_0616.webp
2025-01-29 03:15:48 [http-nio-8080-exec-1] INFO  APP_LOGGER - Se creó el instituto de investigación con ID: 18, Nombre: 'sd'.
2025-01-29 03:15:51 [http-nio-8080-exec-9] INFO  APP_LOGGER - Archivo subido exitosamente: DSC_0616.webp
2025-01-29 03:15:51 [http-nio-8080-exec-7] INFO  APP_LOGGER - Se creó el instituto de investigación con ID: 19, Nombre: 'sd'.
2025-01-29 03:25:46 [http-nio-8080-exec-8] INFO  APP_LOGGER - Archivo subido exitosamente: DSC_8223.webp
2025-01-29 03:25:46 [http-nio-8080-exec-6] INFO  APP_LOGGER - Se creó el instituto de investigación con ID: 20, Nombre: '1545564'.
2025-01-29 03:37:47 [http-nio-8080-exec-7] INFO  APP_LOGGER - Se listaron las facultades
2025-01-29 03:37:47 [http-nio-8080-exec-4] INFO  APP_LOGGER - Se listaron las facultades
2025-01-29 03:39:00 [http-nio-8080-exec-9] INFO  APP_LOGGER - Archivo subido exitosamente: DSC_0616.webp
2025-01-29 03:39:00 [http-nio-8080-exec-6] INFO  APP_LOGGER - Se creó el instituto de investigación con ID: 21, Nombre: 'afafs2222222'.
2025-01-29 03:41:39 [http-nio-8080-exec-7] INFO  APP_LOGGER - Archivo subido exitosamente: DSC_0616.webp
2025-01-29 03:41:39 [http-nio-8080-exec-4] INFO  APP_LOGGER - Se creó el instituto de investigación con ID: 22, Nombre: 'sdaff'.
2025-01-29 03:43:35 [http-nio-8080-exec-10] INFO  APP_LOGGER - Archivo subido exitosamente: DSC_0616.webp
2025-01-29 03:43:35 [http-nio-8080-exec-2] INFO  APP_LOGGER - Se creó el instituto de investigación con ID: 23, Nombre: 'sdaff'.
2025-01-29 03:51:13 [http-nio-8080-exec-6] INFO  APP_LOGGER - Archivo subido exitosamente: UCB-Preuniversitario-Generico_Post_web.webp
2025-01-29 03:51:14 [http-nio-8080-exec-10] INFO  APP_LOGGER - Se creó el instituto de investigación con ID: 24, Nombre: '777'.
2025-01-29 03:51:16 [http-nio-8080-exec-3] INFO  APP_LOGGER - Archivo subido exitosamente: UCB-Preuniversitario-Generico_Post_web.webp
2025-01-29 03:51:16 [http-nio-8080-exec-5] INFO  APP_LOGGER - Se creó el instituto de investigación con ID: 25, Nombre: '777'.
2025-01-29 03:51:17 [http-nio-8080-exec-2] INFO  APP_LOGGER - Archivo subido exitosamente: UCB-Preuniversitario-Generico_Post_web.webp
2025-01-29 03:51:17 [http-nio-8080-exec-1] INFO  APP_LOGGER - Se creó el instituto de investigación con ID: 26, Nombre: '777'.
2025-01-29 03:51:17 [http-nio-8080-exec-9] INFO  APP_LOGGER - Archivo subido exitosamente: UCB-Preuniversitario-Generico_Post_web.webp
2025-01-29 03:51:17 [http-nio-8080-exec-7] INFO  APP_LOGGER - Se creó el instituto de investigación con ID: 27, Nombre: '777'.
2025-01-29 03:51:17 [http-nio-8080-exec-4] INFO  APP_LOGGER - Archivo subido exitosamente: UCB-Preuniversitario-Generico_Post_web.webp
2025-01-29 03:51:17 [http-nio-8080-exec-6] INFO  APP_LOGGER - Se creó el instituto de investigación con ID: 28, Nombre: '777'.
2025-01-29 03:51:17 [http-nio-8080-exec-8] INFO  APP_LOGGER - Archivo subido exitosamente: UCB-Preuniversitario-Generico_Post_web.webp
2025-01-29 03:51:18 [http-nio-8080-exec-10] INFO  APP_LOGGER - Se creó el instituto de investigación con ID: 29, Nombre: '777'.
2025-01-29 03:51:51 [http-nio-8080-exec-6] INFO  APP_LOGGER - Se creó el instituto de investigación con ID: 30, Nombre: '11'.
2025-01-29 03:57:21 [http-nio-8080-exec-1] INFO  APP_LOGGER - Se listaron las facultades
2025-01-29 03:57:21 [http-nio-8080-exec-4] INFO  APP_LOGGER - Se listaron las facultades
2025-01-29 03:59:05 [http-nio-8080-exec-2] INFO  APP_LOGGER - Se creó el instituto de investigación con ID: 31, Nombre: '11'.
2025-01-29 03:59:06 [http-nio-8080-exec-7] INFO  APP_LOGGER - Se creó el instituto de investigación con ID: 32, Nombre: '11'.
2025-01-29 03:59:07 [http-nio-8080-exec-9] INFO  APP_LOGGER - Se creó el instituto de investigación con ID: 33, Nombre: '11'.
2025-01-29 03:59:07 [http-nio-8080-exec-4] INFO  APP_LOGGER - Se creó el instituto de investigación con ID: 34, Nombre: '11'.
2025-01-29 03:59:08 [http-nio-8080-exec-6] INFO  APP_LOGGER - Se creó el instituto de investigación con ID: 35, Nombre: '11'.
2025-01-29 03:59:46 [http-nio-8080-exec-5] INFO  APP_LOGGER - Se creó el instituto de investigación con ID: 36, Nombre: 'ads'.
2025-01-29 03:59:58 [http-nio-8080-exec-7] INFO  APP_LOGGER - Se creó el instituto de investigación con ID: 37, Nombre: 'ads'.
2025-01-29 04:00:00 [http-nio-8080-exec-9] INFO  APP_LOGGER - Se creó el instituto de investigación con ID: 38, Nombre: 'ads'.
2025-01-29 04:00:00 [http-nio-8080-exec-4] INFO  APP_LOGGER - Se creó el instituto de investigación con ID: 39, Nombre: 'ads'.
2025-01-29 04:00:00 [http-nio-8080-exec-6] INFO  APP_LOGGER - Se creó el instituto de investigación con ID: 40, Nombre: 'ads'.
2025-01-29 04:02:01 [http-nio-8080-exec-1] INFO  APP_LOGGER - Se creó el instituto de investigación con ID: 41, Nombre: 'ads'.
2025-01-29 04:02:27 [http-nio-8080-exec-8] INFO  APP_LOGGER - Se creó el instituto de investigación con ID: 42, Nombre: 'wre'.
2025-01-29 04:04:53 [http-nio-8080-exec-9] INFO  APP_LOGGER - Se creó el instituto de investigación con ID: 43, Nombre: 'wre'.
2025-01-29 04:05:01 [http-nio-8080-exec-6] INFO  APP_LOGGER - Se creó el instituto de investigación con ID: 44, Nombre: 'wre'.
2025-01-29 04:07:58 [http-nio-8080-exec-5] INFO  APP_LOGGER - Se creó el instituto de investigación con ID: 45, Nombre: 'wre'.
2025-01-29 04:08:00 [http-nio-8080-exec-2] INFO  APP_LOGGER - Se creó el instituto de investigación con ID: 46, Nombre: 'wre'.
2025-01-29 04:08:04 [http-nio-8080-exec-9] INFO  APP_LOGGER - Se creó el instituto de investigación con ID: 47, Nombre: 'wre'.
2025-01-29 04:08:16 [http-nio-8080-exec-6] INFO  APP_LOGGER - Se creó el instituto de investigación con ID: 48, Nombre: 'wre'.
2025-01-29 04:08:17 [http-nio-8080-exec-10] INFO  APP_LOGGER - Se creó el instituto de investigación con ID: 49, Nombre: 'wre'.
2025-01-29 04:10:27 [http-nio-8080-exec-1] INFO  APP_LOGGER - Se creó el instituto de investigación con ID: 50, Nombre: 'wre'.
2025-01-29 04:10:30 [http-nio-8080-exec-5] INFO  APP_LOGGER - Se creó el instituto de investigación con ID: 51, Nombre: 'wre'.
2025-01-29 04:10:33 [http-nio-8080-exec-7] INFO  APP_LOGGER - Se creó el instituto de investigación con ID: 52, Nombre: 'wre'.
2025-01-29 15:25:00 [http-nio-8080-exec-10] INFO  APP_LOGGER - Archivo subido exitosamente: Logo-IICC.webp
2025-01-29 15:25:10 [http-nio-8080-exec-1] INFO  APP_LOGGER - Se creó el evento con ID: 34, Nombre: 'OOOOOOOO'.
2025-01-29 15:25:52 [http-nio-8080-exec-1] INFO  APP_LOGGER - Se creó el evento con ID: 35, Nombre: 'WWWWWWWWWWWWWWWWWW'.
2025-01-29 16:36:51 [http-nio-8080-exec-9] INFO  APP_LOGGER - Se creó el instituto de investigación con ID: 53, Nombre: '8888'.
2025-01-29 16:38:01 [http-nio-8080-exec-2] INFO  APP_LOGGER - Se listaron las facultades
2025-01-29 16:38:01 [http-nio-8080-exec-1] INFO  APP_LOGGER - Se listaron las facultades
2025-01-29 16:38:06 [http-nio-8080-exec-4] INFO  APP_LOGGER - Lista de Centros de investigación
2025-01-29 16:38:06 [http-nio-8080-exec-8] INFO  APP_LOGGER - Lista de Centros de investigación
2025-01-29 16:38:14 [http-nio-8080-exec-4] INFO  APP_LOGGER - Lista de Centros de investigación
2025-01-29 16:38:14 [http-nio-8080-exec-2] INFO  APP_LOGGER - Lista de Centros de investigación
2025-01-29 16:38:18 [http-nio-8080-exec-7] INFO  APP_LOGGER - Se listaron las facultades
2025-01-29 16:38:18 [http-nio-8080-exec-9] INFO  APP_LOGGER - Se listaron las facultades
2025-01-29 16:38:22 [http-nio-8080-exec-7] INFO  APP_LOGGER - Lista de Centros de investigación
2025-01-29 16:38:22 [http-nio-8080-exec-2] INFO  APP_LOGGER - Lista de Centros de investigación
2025-01-29 16:39:14 [http-nio-8080-exec-3] INFO  APP_LOGGER - Lista de Centros de investigación
2025-01-29 16:39:14 [http-nio-8080-exec-7] INFO  APP_LOGGER - Lista de Centros de investigación
2025-01-29 16:40:00 [http-nio-8080-exec-4] INFO  APP_LOGGER - Se creó el instituto de investigación con ID: 54, Nombre: 'ads'.
2025-01-29 16:42:28 [http-nio-8080-exec-10] INFO  APP_LOGGER - Se creó el instituto de investigación con ID: 55, Nombre: 'ads'.
2025-01-29 16:46:16 [http-nio-8080-exec-7] INFO  APP_LOGGER - Se creó el instituto de investigación con ID: 56, Nombre: 'ads'.
2025-01-29 16:46:20 [http-nio-8080-exec-5] INFO  APP_LOGGER - Se creó el instituto de investigación con ID: 57, Nombre: 'ads'.
2025-01-29 16:46:21 [http-nio-8080-exec-1] INFO  APP_LOGGER - Se creó el instituto de investigación con ID: 58, Nombre: 'ads'.
2025-01-29 16:59:27 [http-nio-8080-exec-8] INFO  APP_LOGGER - Se creó el instituto de investigación con ID: 59, Nombre: 'ads'.
2025-01-29 16:59:28 [http-nio-8080-exec-4] INFO  APP_LOGGER - Se creó el instituto de investigación con ID: 60, Nombre: 'ads'.
2025-01-29 16:59:28 [http-nio-8080-exec-7] INFO  APP_LOGGER - Se creó el instituto de investigación con ID: 61, Nombre: 'ads'.
2025-01-29 16:59:28 [http-nio-8080-exec-5] INFO  APP_LOGGER - Se creó el instituto de investigación con ID: 62, Nombre: 'ads'.
2025-01-29 16:59:56 [http-nio-8080-exec-6] INFO  APP_LOGGER - Se listaron las facultades
2025-01-29 16:59:56 [http-nio-8080-exec-9] INFO  APP_LOGGER - Se listaron las facultades
2025-01-29 17:01:12 [http-nio-8080-exec-7] INFO  APP_LOGGER - Se creó el instituto de investigación con ID: 63, Nombre: '894894'.
2025-01-29 17:04:22 [http-nio-8080-exec-3] INFO  APP_LOGGER - Se creó el evento con ID: 36, Nombre: 'nueva'.
2025-01-29 17:08:14 [http-nio-8080-exec-1] INFO  APP_LOGGER - Se creó el evento con ID: 37, Nombre: 'aaaa'.
2025-01-29 17:19:15 [http-nio-8080-exec-2] INFO  APP_LOGGER - Se creó el evento con ID: 38, Nombre: '222222222'.
2025-01-29 17:19:57 [http-nio-8080-exec-10] INFO  APP_LOGGER - Se creó el evento con ID: 39, Nombre: 'bbbbbbbb'.
2025-01-29 17:24:00 [http-nio-8080-exec-6] INFO  APP_LOGGER - Se creó el evento con ID: 40, Nombre: 'QQQQQQQQ'.
2025-01-29 17:32:18 [http-nio-8080-exec-9] INFO  APP_LOGGER - Se creó el evento con ID: 41, Nombre: 'vvvvvvvvvvvv'.
2025-01-29 17:42:30 [http-nio-8080-exec-2] INFO  APP_LOGGER - Se actualizó el evento con ID: 41, Nombre: 'Conferencia de IA Avanzadadisima'.
2025-01-29 17:49:25 [http-nio-8080-exec-7] INFO  APP_LOGGER - Se actualizó el evento con ID: 40, Nombre: 'QQQQQQQQpppppp'.
2025-01-29 17:49:33 [http-nio-8080-exec-1] INFO  APP_LOGGER - Se actualizó el evento con ID: 40, Nombre: 'QQQQQQQQpppppp'.
2025-01-29 17:50:03 [http-nio-8080-exec-4] INFO  APP_LOGGER - Se actualizó el evento con ID: 40, Nombre: 'OOOPPPPPP'.
2025-01-29 17:50:10 [http-nio-8080-exec-5] INFO  APP_LOGGER - Se actualizó el evento con ID: 40, Nombre: 'OOOPPPPPP'.
2025-01-29 17:50:32 [http-nio-8080-exec-6] INFO  APP_LOGGER - Se creó el evento con ID: 42, Nombre: '23254366'.
2025-01-29 17:50:42 [http-nio-8080-exec-1] INFO  APP_LOGGER - Se actualizó el evento con ID: 42, Nombre: '23254366RR'.
2025-01-29 18:03:06 [http-nio-8080-exec-1] INFO  APP_LOGGER - Se actualizó el evento con ID: 42, Nombre: 'v'.
2025-01-29 18:03:29 [http-nio-8080-exec-4] INFO  APP_LOGGER - Se actualizó el evento con ID: 42, Nombre: 'vu'.
2025-01-29 18:10:53 [http-nio-8080-exec-4] INFO  APP_LOGGER - Se actualizó el evento con ID: 42, Nombre: 'vu'.
2025-01-29 18:10:56 [http-nio-8080-exec-7] INFO  APP_LOGGER - Se actualizó el evento con ID: 42, Nombre: 'vu'.
2025-01-29 18:10:59 [http-nio-8080-exec-1] INFO  APP_LOGGER - Se actualizó el evento con ID: 42, Nombre: 'vu'.
2025-01-29 18:11:18 [http-nio-8080-exec-2] INFO  APP_LOGGER - Se actualizó el evento con ID: 42, Nombre: 'vuaaaaa'.
2025-01-29 18:26:41 [http-nio-8080-exec-2] INFO  APP_LOGGER - Se listaron las facultades
2025-01-29 18:26:41 [http-nio-8080-exec-6] INFO  APP_LOGGER - Se listaron las facultades
2025-01-29 18:27:36 [http-nio-8080-exec-9] INFO  APP_LOGGER - Se actualizó el evento con ID: 40, Nombre: 'kkkkkkkkkkkkkkk'.
2025-01-29 18:28:09 [http-nio-8080-exec-9] INFO  APP_LOGGER - Se actualizó el evento con ID: 42, Nombre: '........'.
2025-01-29 18:28:35 [http-nio-8080-exec-2] INFO  APP_LOGGER - Se actualizó el evento con ID: 42, Nombre: '.......klklkjkj'.
2025-01-29 18:35:20 [http-nio-8080-exec-4] INFO  APP_LOGGER - Se actualizó el evento con ID: 42, Nombre: '........'.
2025-01-29 18:40:54 [http-nio-8080-exec-6] INFO  APP_LOGGER - Se actualizó el evento con ID: 42, Nombre: '........'.
2025-01-29 18:41:24 [http-nio-8080-exec-8] INFO  APP_LOGGER - Archivo subido exitosamente: UCB-Preuniversitario-Generico_Post_web.webp
2025-01-29 18:41:24 [http-nio-8080-exec-4] INFO  APP_LOGGER - Se actualizó el evento con ID: 2, Nombre: 'Preuniversitario General'.
2025-01-29 18:45:04 [http-nio-8080-exec-3] INFO  APP_LOGGER - Archivo subido exitosamente: UCB-Prueba-Aptitud-Academica_web.webp
2025-01-29 18:45:04 [http-nio-8080-exec-9] INFO  APP_LOGGER - Se actualizó el evento con ID: 1, Nombre: 'Prueba de Aptitud Académica'.
2025-01-29 19:07:37 [http-nio-8080-exec-4] INFO  APP_LOGGER - Archivo subido exitosamente: UCB-Medicina-Post-Fb-Ig-1200x1200_Primer-Preuniversitario-A-copia.webp
2025-01-29 19:07:37 [http-nio-8080-exec-10] INFO  APP_LOGGER - Se actualizó el evento con ID: 3, Nombre: 'Preuniversitario de Medicina '.
2025-01-29 19:09:30 [http-nio-8080-exec-8] INFO  APP_LOGGER - Archivo subido exitosamente: 1.25-web.webp
2025-01-29 19:15:11 [http-nio-8080-exec-3] INFO  APP_LOGGER - Se listaron las facultades
2025-01-29 19:15:11 [http-nio-8080-exec-8] INFO  APP_LOGGER - Se listaron las facultades
2025-01-29 20:12:16 [http-nio-8080-exec-10] INFO  APP_LOGGER - Se listaron las facultades
2025-01-29 20:12:16 [http-nio-8080-exec-10] INFO  APP_LOGGER - Se listaron las facultades
2025-01-29 20:40:13 [http-nio-8080-exec-5] INFO  APP_LOGGER - Se listaron las facultades
2025-01-29 20:40:13 [http-nio-8080-exec-5] INFO  APP_LOGGER - Se listaron las facultades
2025-01-29 20:44:07 [http-nio-8080-exec-6] INFO  APP_LOGGER - Se listaron las facultades
2025-01-29 20:44:07 [http-nio-8080-exec-7] INFO  APP_LOGGER - Se listaron las facultades
2025-01-29 21:04:33 [http-nio-8080-exec-2] INFO  APP_LOGGER - Se listaron las facultades
2025-01-29 21:04:33 [http-nio-8080-exec-10] INFO  APP_LOGGER - Se listaron las facultades
2025-01-29 21:25:37 [http-nio-8080-exec-4] INFO  APP_LOGGER - Se listaron las facultades
2025-01-29 21:25:37 [http-nio-8080-exec-6] INFO  APP_LOGGER - Se listaron las facultades
2025-01-29 21:52:22 [http-nio-8080-exec-4] INFO  APP_LOGGER - Se listaron las facultades
2025-01-29 21:52:23 [http-nio-8080-exec-6] INFO  APP_LOGGER - Se listaron las facultades
2025-01-29 21:59:41 [http-nio-8080-exec-7] INFO  APP_LOGGER - Se listaron las facultades
2025-01-29 21:59:42 [http-nio-8080-exec-9] INFO  APP_LOGGER - Se listaron las facultades
2025-01-29 21:59:45 [http-nio-8080-exec-1] INFO  APP_LOGGER - Se listaron las facultades
2025-01-29 21:59:45 [http-nio-8080-exec-10] INFO  APP_LOGGER - Se listaron las facultades
2025-01-29 22:01:18 [http-nio-8080-exec-4] INFO  APP_LOGGER - Se listaron las facultades
2025-01-29 22:01:18 [http-nio-8080-exec-4] INFO  APP_LOGGER - Se listaron las facultades
2025-01-29 22:08:41 [http-nio-8080-exec-3] INFO  APP_LOGGER - Se listaron las facultades
2025-01-29 22:08:42 [http-nio-8080-exec-7] INFO  APP_LOGGER - Se listaron las facultades
2025-01-29 22:34:49 [http-nio-8080-exec-10] INFO  APP_LOGGER - Se listaron las facultades
2025-01-29 22:34:50 [http-nio-8080-exec-3] INFO  APP_LOGGER - Se listaron las facultades
2025-01-29 22:58:45 [http-nio-8080-exec-3] INFO  APP_LOGGER - Se listaron las facultades
2025-01-29 22:58:46 [http-nio-8080-exec-6] INFO  APP_LOGGER - Se listaron las facultades
2025-01-29 22:59:55 [http-nio-8080-exec-6] INFO  APP_LOGGER - Se listaron las facultades
2025-01-29 22:59:55 [http-nio-8080-exec-5] INFO  APP_LOGGER - Se listaron las facultades
2025-01-29 23:01:40 [http-nio-8080-exec-1] INFO  APP_LOGGER - Se listaron las facultades
2025-01-29 23:01:40 [http-nio-8080-exec-4] INFO  APP_LOGGER - Se listaron las facultades
2025-01-29 23:04:50 [http-nio-8080-exec-7] INFO  APP_LOGGER - Se listaron las facultades
2025-01-29 23:04:50 [http-nio-8080-exec-6] INFO  APP_LOGGER - Se listaron las facultades
2025-01-29 23:04:51 [http-nio-8080-exec-4] INFO  APP_LOGGER - Se listaron las facultades
2025-01-29 23:04:51 [http-nio-8080-exec-7] INFO  APP_LOGGER - Se listaron las facultades
2025-01-29 23:09:13 [http-nio-8080-exec-1] INFO  APP_LOGGER - Se listaron las facultades
2025-01-29 23:09:13 [http-nio-8080-exec-1] INFO  APP_LOGGER - Se listaron las facultades
2025-01-29 23:09:14 [http-nio-8080-exec-10] INFO  APP_LOGGER - Se listaron las facultades
2025-01-29 23:09:14 [http-nio-8080-exec-9] INFO  APP_LOGGER - Se listaron las facultades
2025-01-29 23:10:13 [http-nio-8080-exec-6] INFO  APP_LOGGER - Se listaron las facultades
2025-01-29 23:10:13 [http-nio-8080-exec-10] INFO  APP_LOGGER - Se listaron las facultades
2025-01-29 23:10:14 [http-nio-8080-exec-6] INFO  APP_LOGGER - Se listaron las facultades
2025-01-29 23:10:14 [http-nio-8080-exec-7] INFO  APP_LOGGER - Se listaron las facultades
2025-01-29 23:12:03 [http-nio-8080-exec-4] INFO  APP_LOGGER - Se listaron las facultades
2025-01-29 23:12:03 [http-nio-8080-exec-2] INFO  APP_LOGGER - Se listaron las facultades
2025-01-29 23:19:04 [http-nio-8080-exec-7] INFO  APP_LOGGER - Se listaron las facultades
2025-01-29 23:19:04 [http-nio-8080-exec-2] INFO  APP_LOGGER - Se listaron las facultades
2025-01-29 23:20:31 [http-nio-8080-exec-9] INFO  APP_LOGGER - Se listaron las facultades
2025-01-29 23:20:31 [http-nio-8080-exec-9] INFO  APP_LOGGER - Se listaron las facultades
