2025-01-30 00:25:30 [http-nio-8080-exec-4] INFO  LOGIN_LOGGER - Usuario autenticado con éxito: administrador.eventos@ucb.edu.bo
2025-01-30 00:26:41 [http-nio-8080-exec-6] INFO  LOGIN_LOGGER - Usuario autenticado con éxito: roberto.alanoca@ucb.edu.bo
2025-01-30 00:27:26 [http-nio-8080-exec-2] INFO  LOGIN_LOGGER - Usuario autenticado con éxito: administrador.eventos@ucb.edu.bo
2025-01-30 02:22:18 [http-nio-8080-exec-5] INFO  LOGIN_LOGGER - Usuario autenticado con éxito: roberto.alanoca@ucb.edu.bo
2025-01-30 02:40:14 [http-nio-8080-exec-4] INFO  LOGIN_LOGGER - Usuario actualizado con ID: 1, Nombre: 'Andreaasfdsfasdf'.
2025-01-30 02:46:16 [http-nio-8080-exec-6] INFO  LOGIN_LOGGER - Usuario actualizado con ID: 1, Nombre: 'Andrea'.
2025-01-30 02:46:30 [http-nio-8080-exec-5] INFO  LOGIN_LOGGER - Usuario actualizado con ID: 1, Nombre: 'Andrea'.
2025-01-30 02:46:46 [http-nio-8080-exec-6] INFO  LOGIN_LOGGER - Usuario actualizado con ID: 2, Nombre: 'Pepe'.
2025-01-30 02:47:30 [http-nio-8080-exec-7] INFO  LOGIN_LOGGER - Usuario actualizado con ID: 3, Nombre: 'Juano'.
2025-01-30 02:50:51 [http-nio-8080-exec-9] INFO  LOGIN_LOGGER - Usuario actualizado con ID: 2, Nombre: 'Pepe'.
2025-01-30 02:51:00 [http-nio-8080-exec-4] INFO  LOGIN_LOGGER - Usuario eliminado por ID: 2
2025-01-30 02:55:29 [http-nio-8080-exec-6] INFO  LOGIN_LOGGER - Usuario actualizado con ID: 3, Nombre: 'Juano'.
2025-01-30 02:56:30 [http-nio-8080-exec-3] ERROR LOGIN_LOGGER - Error al eliminar el usuario por ID: 3
2025-01-30 02:58:22 [http-nio-8080-exec-1] ERROR LOGIN_LOGGER - Error al eliminar el usuario por ID: 3
2025-01-30 02:58:35 [http-nio-8080-exec-4] ERROR LOGIN_LOGGER - Error al eliminar el usuario por ID: 3
2025-01-30 02:59:16 [http-nio-8080-exec-10] ERROR LOGIN_LOGGER - Error al eliminar el usuario por ID: 3
2025-01-30 03:04:29 [http-nio-8080-exec-5] INFO  LOGIN_LOGGER - Usuario actualizado con ID: 1, Nombre: 'Andreaaaaa'.
2025-01-30 03:04:33 [http-nio-8080-exec-10] ERROR LOGIN_LOGGER - Error al eliminar el usuario por ID: 1
2025-01-30 03:09:24 [http-nio-8080-exec-4] ERROR LOGIN_LOGGER - Error al eliminar el usuario por ID: 2
2025-01-30 03:10:04 [http-nio-8080-exec-7] ERROR LOGIN_LOGGER - Error al eliminar el usuario por ID: 3
2025-01-30 03:21:45 [http-nio-8080-exec-3] INFO  LOGIN_LOGGER - Usuario eliminado por ID: 3
2025-01-30 03:25:31 [http-nio-8080-exec-10] INFO  LOGIN_LOGGER - Usuario eliminado por ID: 6
2025-01-30 03:25:41 [http-nio-8080-exec-2] INFO  LOGIN_LOGGER - Usuario eliminado por ID: 9
2025-01-30 03:27:25 [http-nio-8080-exec-9] INFO  LOGIN_LOGGER - Usuario eliminado por ID: 7
2025-01-30 03:30:04 [http-nio-8080-exec-6] INFO  LOGIN_LOGGER - Usuario eliminado por ID: 4
2025-01-30 03:32:16 [http-nio-8080-exec-9] INFO  LOGIN_LOGGER - Usuario eliminado por ID: 11
2025-01-30 03:43:53 [http-nio-8080-exec-5] INFO  LOGIN_LOGGER - Usuario actualizado con ID: 10, Nombre: 'Andreaasfdsfasdf'.
2025-01-30 03:47:21 [http-nio-8080-exec-1] INFO  LOGIN_LOGGER - Usuario actualizado con ID: 10, Nombre: 'Andreaasfdsfasdf'.
2025-01-30 03:49:54 [http-nio-8080-exec-10] INFO  LOGIN_LOGGER - Usuario autenticado con éxito: administrador.eventos@ucb.edu.bo
2025-01-30 03:50:14 [http-nio-8080-exec-10] INFO  LOGIN_LOGGER - Usuario autenticado con éxito: roberto.alanoca@ucb.edu.bo
2025-01-30 03:52:08 [http-nio-8080-exec-2] ERROR LOGIN_LOGGER - Error durante la autenticación: Contraseña incorrecta
2025-01-30 03:52:08 [http-nio-8080-exec-2] ERROR LOGIN_LOGGER - Contraseña incorrecta para: andreaaaa.quiroga@ucb.edu.bo
2025-01-30 03:52:36 [http-nio-8080-exec-10] INFO  LOGIN_LOGGER - Usuario autenticado con éxito: roberto.alanoca@ucb.edu.bo
2025-01-30 03:54:50 [http-nio-8080-exec-10] INFO  LOGIN_LOGGER - Usuario actualizado con ID: 12, Nombre: 'Andreaasfdsfasdf'.
2025-01-30 03:55:07 [http-nio-8080-exec-5] ERROR LOGIN_LOGGER - Error durante la autenticación: Contraseña incorrecta
2025-01-30 03:55:07 [http-nio-8080-exec-5] ERROR LOGIN_LOGGER - Contraseña incorrecta para: andrea.quiroga.perez@ucb.edu.bo
2025-01-30 03:55:57 [http-nio-8080-exec-3] ERROR LOGIN_LOGGER - Error durante la autenticación: Contraseña incorrecta
2025-01-30 03:55:57 [http-nio-8080-exec-3] ERROR LOGIN_LOGGER - Contraseña incorrecta para: andrea.quiroga.perez@ucb.edu.bo
2025-01-30 04:00:37 [http-nio-8080-exec-1] ERROR LOGIN_LOGGER - Error durante la autenticación: Contraseña incorrecta
2025-01-30 04:00:37 [http-nio-8080-exec-1] ERROR LOGIN_LOGGER - Contraseña incorrecta para: andrea.quiroga.perez@ucb.edu.bo
2025-01-30 04:04:31 [http-nio-8080-exec-9] ERROR LOGIN_LOGGER - Error durante la autenticación: La cuenta está bloqueada. Intente nuevamente más tarde.
2025-01-30 04:04:31 [http-nio-8080-exec-9] ERROR LOGIN_LOGGER - La cuenta está bloqueada para: andrea.quiroga.perez@ucb.edu.bo
2025-01-30 04:04:32 [http-nio-8080-exec-2] ERROR LOGIN_LOGGER - Error durante la autenticación: La cuenta está bloqueada. Intente nuevamente más tarde.
2025-01-30 04:04:32 [http-nio-8080-exec-2] ERROR LOGIN_LOGGER - La cuenta está bloqueada para: andrea.quiroga.perez@ucb.edu.bo
2025-01-30 04:06:26 [http-nio-8080-exec-5] INFO  LOGIN_LOGGER - Usuario autenticado con éxito: roberto.alanoca@ucb.edu.bo
2025-01-30 04:10:05 [http-nio-8080-exec-9] INFO  LOGIN_LOGGER - Usuario autenticado con éxito: andrea.quiroga.777@ucb.edu.bo
2025-01-30 04:16:51 [http-nio-8080-exec-1] INFO  LOGIN_LOGGER - Usuario autenticado con éxito: administrador.eventos@ucb.edu.bo
2025-01-30 04:17:16 [http-nio-8080-exec-4] INFO  LOGIN_LOGGER - Usuario autenticado con éxito: roberto.alanoca@ucb.edu.bo
2025-01-30 04:18:35 [http-nio-8080-exec-8] INFO  LOGIN_LOGGER - Usuario actualizado con ID: 1, Nombre: 'Andreaaaaa'.
2025-01-30 22:53:47 [http-nio-8080-exec-3] INFO  LOGIN_LOGGER - Usuario autenticado con éxito: administrador.eventos@ucb.edu.bo
